  main.cpp
c:\users\gosus\documents\cp-school\csc476\lab1\project\project\src\main.cpp(28): warning C4244: 'initializing': conversion from 'double' to 'float', possible loss of data
c:\users\gosus\documents\cp-school\csc476\lab1\project\project\src\main.cpp(56): warning C4305: 'initializing': truncation from 'double' to 'const float'
c:\users\gosus\documents\cp-school\csc476\lab1\project\project\src\main.cpp(187): warning C4244: '=': conversion from 'double' to 'float', possible loss of data
c:\users\gosus\documents\cp-school\csc476\lab1\project\project\src\main.cpp(188): warning C4244: '=': conversion from 'double' to 'float', possible loss of data
c:\users\gosus\documents\cp-school\csc476\lab1\project\project\src\main.cpp(201): warning C4244: '=': conversion from 'double' to 'int', possible loss of data
c:\users\gosus\documents\cp-school\csc476\lab1\project\project\src\main.cpp(202): warning C4244: '=': conversion from 'double' to 'int', possible loss of data
c:\users\gosus\documents\cp-school\csc476\lab1\project\project\src\main.cpp(215): warning C4305: 'argument': truncation from 'double' to 'GLfloat'
c:\users\gosus\documents\cp-school\csc476\lab1\project\project\src\main.cpp(216): warning C4305: 'argument': truncation from 'double' to 'GLfloat'
c:\users\gosus\documents\cp-school\csc476\lab1\project\project\src\main.cpp(217): warning C4305: 'argument': truncation from 'double' to 'GLfloat'
c:\users\gosus\documents\cp-school\csc476\lab1\project\project\src\main.cpp(221): warning C4305: 'argument': truncation from 'double' to 'GLfloat'
c:\users\gosus\documents\cp-school\csc476\lab1\project\project\src\main.cpp(222): warning C4305: 'argument': truncation from 'double' to 'GLfloat'
c:\users\gosus\documents\cp-school\csc476\lab1\project\project\src\main.cpp(223): warning C4305: 'argument': truncation from 'double' to 'GLfloat'
c:\users\gosus\documents\cp-school\csc476\lab1\project\project\src\main.cpp(227): warning C4305: 'argument': truncation from 'double' to 'GLfloat'
c:\users\gosus\documents\cp-school\csc476\lab1\project\project\src\main.cpp(228): warning C4305: 'argument': truncation from 'double' to 'GLfloat'
c:\users\gosus\documents\cp-school\csc476\lab1\project\project\src\main.cpp(229): warning C4305: 'argument': truncation from 'double' to 'GLfloat'
c:\users\gosus\documents\cp-school\csc476\lab1\project\project\src\main.cpp(230): warning C4305: 'argument': truncation from 'double' to 'GLfloat'
c:\users\gosus\documents\cp-school\csc476\lab1\project\project\src\main.cpp(233): warning C4305: 'argument': truncation from 'double' to 'GLfloat'
c:\users\gosus\documents\cp-school\csc476\lab1\project\project\src\main.cpp(234): warning C4305: 'argument': truncation from 'double' to 'GLfloat'
c:\users\gosus\documents\cp-school\csc476\lab1\project\project\src\main.cpp(235): warning C4305: 'argument': truncation from 'double' to 'GLfloat'
c:\users\gosus\documents\cp-school\csc476\lab1\project\project\src\main.cpp(551): warning C4305: 'argument': truncation from 'double' to 'float'
c:\users\gosus\documents\cp-school\csc476\lab1\project\project\src\main.cpp(758): warning C4244: 'initializing': conversion from 'double' to 'float', possible loss of data
c:\users\gosus\documents\cp-school\csc476\lab1\project\project\src\main.cpp(759): warning C4244: 'initializing': conversion from 'double' to 'float', possible loss of data
c:\users\gosus\documents\cp-school\csc476\lab1\project\project\src\main.cpp(871): warning C4305: '+=': truncation from 'double' to 'float'
c:\users\gosus\documents\cp-school\csc476\lab1\project\project\src\main.cpp(883): warning C4305: '+=': truncation from 'double' to 'float'
  Project.vcxproj -> C:\Users\gosus\Documents\CP-School\CSC476\Lab1\Project\Debug\Project.exe
